2021-12-31 17:01:41,783 INFO b.BaseClass [main] logger and properties file configuration is successful
2021-12-31 17:02:22,729 INFO b.BaseClass [main] logger and properties file configuration is successful
2021-12-31 17:03:03,571 INFO b.BaseClass [main] Browser setup completed successfully
2021-12-31 17:03:10,823 INFO b.BaseClass [main] Application opened successfully
2021-12-31 17:03:18,416 INFO b.BaseClass [main] logger and properties file configuration is successful
2021-12-31 17:03:19,378 INFO u.OperationHelper [main] Click operation successful
2021-12-31 18:08:52,843 INFO b.BaseClass [main] logger and properties file configuration is successful
2021-12-31 18:09:21,899 INFO b.BaseClass [main] Browser setup completed successfully
2021-12-31 18:09:37,611 INFO b.BaseClass [main] Application opened successfully
2021-12-31 18:09:44,501 INFO b.BaseClass [main] logger and properties file configuration is successful
2021-12-31 18:09:44,526 INFO b.BaseClass [main] logger and properties file configuration is successful
2021-12-31 18:10:58,699 INFO b.BaseClass [main] logger and properties file configuration is successful
2021-12-31 18:11:14,544 INFO b.BaseClass [main] Browser setup completed successfully
2021-12-31 18:11:24,932 INFO b.BaseClass [main] logger and properties file configuration is successful
2021-12-31 18:11:25,453 INFO u.OperationHelper [main] Click operation successful
2021-12-31 18:11:25,477 INFO b.BaseClass [main] logger and properties file configuration is successful
2021-12-31 18:11:25,477 INFO b.BaseClass [main] logger and properties file configuration is successful
2021-12-31 18:15:38,115 INFO b.BaseClass [main] logger and properties file configuration is successful
2021-12-31 18:15:50,260 INFO b.BaseClass [main] Browser setup completed successfully
2021-12-31 18:15:58,089 INFO b.BaseClass [main] logger and properties file configuration is successful
2021-12-31 18:15:58,610 INFO u.OperationHelper [main] Click operation successful
2021-12-31 18:15:58,626 INFO b.BaseClass [main] logger and properties file configuration is successful
2021-12-31 18:15:58,626 INFO b.BaseClass [main] logger and properties file configuration is successful
2021-12-31 18:16:20,525 INFO b.BaseClass [main] PASS : Delhi
2021-12-31 18:16:20,525 INFO b.BaseClass [main] PASS : Delhi
2021-12-31 18:16:20,525 INFO b.BaseClass [main] PASS : Delhi
2021-12-31 18:16:20,525 INFO b.BaseClass [main] PASS : Delhi
2021-12-31 18:16:20,526 INFO b.BaseClass [main] PASS : Delhi
2021-12-31 18:16:20,526 INFO b.BaseClass [main] PASS : Delhi
2021-12-31 18:16:20,526 INFO b.BaseClass [main] PASS : Delhi
2021-12-31 18:16:20,526 INFO b.BaseClass [main] PASS : Delhi
2021-12-31 18:16:20,526 INFO b.BaseClass [main] PASS : Delhi
2021-12-31 18:16:20,526 INFO b.BaseClass [main] PASS : Delhi
2021-12-31 18:16:20,526 INFO b.BaseClass [main] PASS : Delhi
2021-12-31 18:16:20,526 INFO b.BaseClass [main] PASS : Delhi
2021-12-31 18:16:20,526 INFO b.BaseClass [main] PASS : Delhi
2021-12-31 18:16:20,526 INFO b.BaseClass [main] PASS : Delhi
2021-12-31 18:16:20,526 INFO b.BaseClass [main] PASS : Delhi
2021-12-31 18:16:20,526 INFO b.BaseClass [main] PASS : Delhi
2021-12-31 18:16:20,526 INFO b.BaseClass [main] PASS : Delhi
2021-12-31 18:16:20,526 INFO b.BaseClass [main] PASS : Delhi
2021-12-31 18:16:20,526 INFO b.BaseClass [main] PASS : Delhi
2021-12-31 18:16:20,526 INFO b.BaseClass [main] PASS : Delhi
2021-12-31 18:16:20,526 INFO b.BaseClass [main] PASS : Delhi
2021-12-31 18:16:20,526 INFO b.BaseClass [main] PASS : Delhi
2021-12-31 18:16:20,526 INFO b.BaseClass [main] PASS : Delhi
2021-12-31 18:16:20,526 INFO b.BaseClass [main] PASS : Delhi
2021-12-31 18:16:20,526 INFO b.BaseClass [main] Fail : South Delhi
2021-12-31 18:16:20,526 INFO b.BaseClass [main] PASS : Delhi
2021-12-31 18:16:20,526 INFO b.BaseClass [main] PASS : Delhi
2021-12-31 18:16:20,526 INFO b.BaseClass [main] PASS : Delhi
2021-12-31 18:16:20,526 INFO b.BaseClass [main] PASS : Delhi
2021-12-31 18:16:20,526 INFO b.BaseClass [main] PASS : Delhi
2021-12-31 18:16:20,526 INFO b.BaseClass [main] PASS : Delhi
2021-12-31 18:16:20,526 INFO b.BaseClass [main] PASS : Delhi
2021-12-31 18:16:20,526 INFO b.BaseClass [main] PASS : Delhi
2021-12-31 18:16:20,526 INFO b.BaseClass [main] PASS : Delhi
2021-12-31 18:16:20,526 INFO b.BaseClass [main] PASS : Delhi
2021-12-31 18:16:20,526 INFO b.BaseClass [main] PASS : Delhi
2021-12-31 18:16:20,526 INFO b.BaseClass [main] PASS : Delhi
2021-12-31 18:16:20,534 INFO b.BaseClass [main] PASS : Delhi
2021-12-31 18:16:20,534 INFO b.BaseClass [main] PASS : Delhi
2021-12-31 18:16:20,534 INFO b.BaseClass [main] PASS : Delhi
2021-12-31 18:16:20,534 INFO b.BaseClass [main] PASS : Delhi
2021-12-31 18:16:20,534 INFO b.BaseClass [main] PASS : Delhi
2021-12-31 18:16:20,534 INFO b.BaseClass [main] PASS : Delhi
2021-12-31 18:16:20,534 INFO b.BaseClass [main] PASS : Delhi
2021-12-31 18:16:20,534 INFO b.BaseClass [main] PASS : Delhi
2021-12-31 18:16:20,534 INFO b.BaseClass [main] PASS : Delhi
2021-12-31 18:16:20,534 INFO b.BaseClass [main] PASS : Delhi
2021-12-31 18:16:20,534 INFO b.BaseClass [main] PASS : Delhi
2021-12-31 18:16:20,534 INFO b.BaseClass [main] PASS : Delhi
2021-12-31 18:16:20,534 INFO b.BaseClass [main] PASS : Delhi
2021-12-31 18:16:20,534 INFO b.BaseClass [main] PASS : Delhi
2021-12-31 18:16:20,534 INFO b.BaseClass [main] PASS : Delhi
2021-12-31 18:16:20,534 INFO b.BaseClass [main] PASS : Delhi
2021-12-31 18:16:20,534 INFO b.BaseClass [main] PASS : Delhi
2021-12-31 18:19:12,742 INFO b.BaseClass [main] logger and properties file configuration is successful
2021-12-31 18:19:25,401 INFO b.BaseClass [main] Browser setup completed successfully
2021-12-31 18:19:36,194 INFO b.BaseClass [main] logger and properties file configuration is successful
2021-12-31 18:19:36,646 INFO u.OperationHelper [main] Click operation successful
2021-12-31 18:19:36,654 INFO b.BaseClass [main] logger and properties file configuration is successful
2021-12-31 18:19:36,654 INFO b.BaseClass [main] logger and properties file configuration is successful
2021-12-31 18:19:58,330 INFO b.BaseClass [main] Fail : Delhi
2021-12-31 18:19:58,334 INFO b.BaseClass [main] Fail : Delhi
2021-12-31 18:19:58,334 INFO b.BaseClass [main] Fail : Delhi
2021-12-31 18:19:58,334 INFO b.BaseClass [main] Fail : Delhi
2021-12-31 18:19:58,334 INFO b.BaseClass [main] Fail : Delhi
2021-12-31 18:19:58,335 INFO b.BaseClass [main] Fail : Delhi
2021-12-31 18:19:58,335 INFO b.BaseClass [main] Fail : Delhi
2021-12-31 18:19:58,335 INFO b.BaseClass [main] Fail : Delhi
2021-12-31 18:19:58,335 INFO b.BaseClass [main] Fail : Delhi
2021-12-31 18:19:58,335 INFO b.BaseClass [main] Fail : Delhi
2021-12-31 18:19:58,335 INFO b.BaseClass [main] Fail : Delhi
2021-12-31 18:19:58,335 INFO b.BaseClass [main] Fail : Delhi
2021-12-31 18:19:58,335 INFO b.BaseClass [main] Fail : Delhi
2021-12-31 18:19:58,335 INFO b.BaseClass [main] Fail : Delhi
2021-12-31 18:19:58,335 INFO b.BaseClass [main] Fail : Delhi
2021-12-31 18:19:58,335 INFO b.BaseClass [main] Fail : Delhi
2021-12-31 18:19:58,335 INFO b.BaseClass [main] Fail : Delhi
2021-12-31 18:19:58,335 INFO b.BaseClass [main] Fail : Delhi
2021-12-31 18:19:58,335 INFO b.BaseClass [main] Fail : Delhi
2021-12-31 18:19:58,335 INFO b.BaseClass [main] Fail : Delhi
2021-12-31 18:19:58,335 INFO b.BaseClass [main] Fail : Delhi
2021-12-31 18:19:58,335 INFO b.BaseClass [main] Fail : Delhi
2021-12-31 18:19:58,335 INFO b.BaseClass [main] Fail : Delhi
2021-12-31 18:19:58,335 INFO b.BaseClass [main] Fail : Delhi
2021-12-31 18:19:58,335 INFO b.BaseClass [main] Fail : South Delhi
2021-12-31 18:19:58,335 INFO b.BaseClass [main] Fail : Delhi
2021-12-31 18:19:58,335 INFO b.BaseClass [main] Fail : Delhi
2021-12-31 18:19:58,335 INFO b.BaseClass [main] Fail : Delhi
2021-12-31 18:19:58,335 INFO b.BaseClass [main] Fail : Delhi
2021-12-31 18:19:58,335 INFO b.BaseClass [main] Fail : Delhi
2021-12-31 18:19:58,335 INFO b.BaseClass [main] Fail : Delhi
2021-12-31 18:19:58,335 INFO b.BaseClass [main] Fail : Delhi
2021-12-31 18:19:58,335 INFO b.BaseClass [main] Fail : Delhi
2021-12-31 18:19:58,335 INFO b.BaseClass [main] Fail : Delhi
2021-12-31 18:19:58,335 INFO b.BaseClass [main] Fail : Delhi
2021-12-31 18:19:58,335 INFO b.BaseClass [main] Fail : Delhi
2021-12-31 18:19:58,335 INFO b.BaseClass [main] Fail : Delhi
2021-12-31 18:19:58,335 INFO b.BaseClass [main] Fail : Delhi
2021-12-31 18:19:58,343 INFO b.BaseClass [main] Fail : Delhi
2021-12-31 18:19:58,343 INFO b.BaseClass [main] Fail : Delhi
2021-12-31 18:19:58,343 INFO b.BaseClass [main] Fail : Delhi
2021-12-31 18:19:58,343 INFO b.BaseClass [main] Fail : Delhi
2021-12-31 18:19:58,343 INFO b.BaseClass [main] Fail : Delhi
2021-12-31 18:19:58,343 INFO b.BaseClass [main] Fail : Delhi
2021-12-31 18:19:58,343 INFO b.BaseClass [main] Fail : Delhi
2021-12-31 18:19:58,343 INFO b.BaseClass [main] Fail : Delhi
2021-12-31 18:19:58,343 INFO b.BaseClass [main] Fail : Delhi
2021-12-31 18:19:58,343 INFO b.BaseClass [main] Fail : Delhi
2021-12-31 18:19:58,343 INFO b.BaseClass [main] Fail : Delhi
2021-12-31 18:19:58,343 INFO b.BaseClass [main] Fail : Delhi
2021-12-31 18:19:58,343 INFO b.BaseClass [main] Fail : Delhi
2021-12-31 18:19:58,343 INFO b.BaseClass [main] Fail : Delhi
2021-12-31 18:19:58,343 INFO b.BaseClass [main] Fail : Delhi
2021-12-31 18:19:58,343 INFO b.BaseClass [main] Fail : Delhi
